INFO	2024/06/05 09:54:16 starting server on :4000
INFO	2024/06/05 13:04:06 &{{0 0} 0xc000062058 {[] {} 0xc000030140} {{} 3} {{} 0}}
INFO	2024/06/05 13:05:14 
INFO	2024/06/05 13:11:58 
INFO	2024/06/05 13:13:23 
INFO	2024/06/05 13:15:25 
INFO	2024/06/05 14:08:29 
INFO	2024/06/05 14:08:29 starting server on :4000
INFO	2024/06/05 14:09:03 [::1]:57738 - HTTP/1.1 GET /
INFO	2024/06/05 14:11:30 
INFO	2024/06/05 14:11:30 starting server on :4000
INFO	2024/06/05 14:11:36 [::1]:57754 - HTTP/1.1 GET /
INFO	2024/06/05 14:11:58 [::1]:57754 - HTTP/1.1 POST /addTask
INFO	2024/06/05 14:11:58 [::1]:57754 - HTTP/1.1 GET /
INFO	2024/06/05 15:09:09 
INFO	2024/06/05 15:09:09 starting server on :4000
INFO	2024/06/05 15:10:02 
INFO	2024/06/05 15:10:02 starting server on :4000
INFO	2024/06/05 15:35:13 
INFO	2024/06/05 15:35:13 starting server on :4000
INFO	2024/06/05 15:38:23 
INFO	2024/06/05 15:38:23 starting server on :4000
INFO	2024/06/05 15:38:34 [::1]:58125 - HTTP/1.1 GET /
INFO	2024/06/05 15:38:38 [::1]:58126 - HTTP/1.1 GET /
INFO	2024/06/05 15:44:35 
INFO	2024/06/05 15:44:35 starting server on :4000
INFO	2024/06/05 15:44:44 [::1]:58146 - HTTP/1.1 GET /
INFO	2024/06/05 15:45:39 
INFO	2024/06/05 15:45:39 starting server on :4000
INFO	2024/06/05 15:45:47 [::1]:58153 - HTTP/1.1 GET /
INFO	2024/06/05 15:46:07 
INFO	2024/06/05 15:46:07 starting server on :4000
INFO	2024/06/05 15:46:17 [::1]:58159 - HTTP/1.1 GET /
INFO	2024/06/05 15:47:04 [::1]:58160 - HTTP/1.1 GET /
INFO	2024/06/05 15:47:06 [::1]:58163 - HTTP/1.1 GET /
INFO	2024/06/05 15:47:31 
INFO	2024/06/05 15:47:31 starting server on :4000
INFO	2024/06/05 15:47:47 [::1]:58171 - HTTP/1.1 GET /
INFO	2024/06/05 16:35:34 
INFO	2024/06/05 16:35:34 starting server on :4000
INFO	2024/06/05 16:36:06 [::1]:58436 - HTTP/1.1 GET /
INFO	2024/06/05 16:39:37 [::1]:58436 - HTTP/1.1 GET /
INFO	2024/06/05 16:40:34 
INFO	2024/06/05 16:40:34 starting server on :4000
INFO	2024/06/05 16:40:46 [::1]:58454 - HTTP/1.1 GET /
INFO	2024/06/05 16:41:56 [::1]:58459 - HTTP/1.1 GET /
INFO	2024/06/05 16:41:58 [::1]:58460 - HTTP/1.1 GET /
INFO	2024/06/05 16:42:10 
INFO	2024/06/05 16:42:10 starting server on :4000
INFO	2024/06/05 16:42:24 [::1]:58469 - HTTP/1.1 GET /
INFO	2024/06/05 16:51:26 
INFO	2024/06/05 16:51:26 starting server on :4000
INFO	2024/06/05 16:51:36 [::1]:58527 - HTTP/1.1 GET /
INFO	2024/06/05 16:58:10 
INFO	2024/06/05 16:58:11 starting server on :4000
INFO	2024/06/05 16:58:22 [::1]:58562 - HTTP/1.1 GET /
INFO	2024/06/05 16:58:34 [::1]:58562 - HTTP/1.1 POST /deleteTask?id=21
INFO	2024/06/05 16:58:40 [::1]:58562 - HTTP/1.1 POST /deleteTask?id=21
INFO	2024/06/05 16:59:47 [::1]:58562 - HTTP/1.1 POST /updateTask?id=21
INFO	2024/06/05 16:59:47 [::1]:58562 - HTTP/1.1 GET /
INFO	2024/06/05 16:59:54 [::1]:58562 - HTTP/1.1 POST /addTask
INFO	2024/06/05 16:59:54 [::1]:58562 - HTTP/1.1 GET /
INFO	2024/06/05 17:00:55 
INFO	2024/06/05 17:00:55 starting server on :4000
INFO	2024/06/05 17:01:05 [::1]:58581 - HTTP/1.1 POST /deleteTask?id=22
INFO	2024/06/05 17:01:05 [::1]:58581 - HTTP/1.1 GET /
INFO	2024/06/05 17:17:18 
INFO	2024/06/05 17:17:18 starting server on :4000
INFO	2024/06/05 17:21:40 [::1]:58655 - HTTP/1.1 GET /
INFO	2024/06/05 17:21:43 [::1]:58655 - HTTP/1.1 POST /deleteTask?id=21
INFO	2024/06/05 17:21:43 [::1]:58655 - HTTP/1.1 GET /
INFO	2024/06/05 17:21:48 [::1]:58655 - HTTP/1.1 POST /updateTask?id=20
INFO	2024/06/05 17:21:48 [::1]:58655 - HTTP/1.1 GET /
INFO	2024/06/05 17:21:52 [::1]:58655 - HTTP/1.1 POST /addTask
INFO	2024/06/05 17:21:52 [::1]:58655 - HTTP/1.1 GET /
INFO	2024/06/05 17:58:57 
INFO	2024/06/05 17:58:57 starting server on :4000
INFO	2024/06/05 17:59:12 [::1]:58844 - HTTP/1.1 GET /
INFO	2024/06/05 17:59:17 [::1]:58844 - HTTP/1.1 POST /deleteTask?id=23
INFO	2024/06/05 17:59:17 [::1]:58844 - HTTP/1.1 GET /
INFO	2024/06/05 17:59:24 [::1]:58844 - HTTP/1.1 POST /updateTask?id=20
INFO	2024/06/05 17:59:24 [::1]:58844 - HTTP/1.1 GET /
INFO	2024/06/05 17:59:32 [::1]:58844 - HTTP/1.1 POST /addTask
INFO	2024/06/05 17:59:33 [::1]:58844 - HTTP/1.1 GET /
INFO	2024/06/05 18:02:07 [::1]:58844 - HTTP/1.1 POST /addTask
INFO	2024/06/05 19:06:43 
INFO	2024/06/05 19:06:43 starting server on :4000
INFO	2024/06/05 19:08:52 [::1]:59107 - HTTP/1.1 GET /
INFO	2024/06/05 19:08:54 [::1]:59107 - HTTP/1.1 POST /deleteTask?id=24
INFO	2024/06/05 19:08:54 [::1]:59107 - HTTP/1.1 GET /
INFO	2024/06/05 19:09:01 [::1]:59107 - HTTP/1.1 POST /updateTask?id=20
INFO	2024/06/05 19:09:01 [::1]:59107 - HTTP/1.1 GET /
INFO	2024/06/05 19:09:07 [::1]:59107 - HTTP/1.1 POST /addTask
INFO	2024/06/06 06:39:52 
INFO	2024/06/06 06:39:52 starting server on :4000
INFO	2024/06/06 06:40:04 [::1]:59451 - HTTP/1.1 GET /
INFO	2024/06/06 06:40:04 [::1]:59451 - HTTP/1.1 GET /static/css/main.css
INFO	2024/06/06 06:40:09 [::1]:59451 - HTTP/1.1 GET /
INFO	2024/06/06 06:40:12 [::1]:59451 - HTTP/1.1 GET /
INFO	2024/06/06 06:40:13 [::1]:59451 - HTTP/1.1 GET /
INFO	2024/06/06 06:40:19 [::1]:59451 - HTTP/1.1 GET /
INFO	2024/06/06 06:40:21 [::1]:59451 - HTTP/1.1 GET /
INFO	2024/06/06 06:41:49 
INFO	2024/06/06 06:41:49 starting server on :4000
INFO	2024/06/06 06:49:09 
INFO	2024/06/06 06:49:09 starting server on :4000
INFO	2024/06/06 06:49:09 [::1]:59488 - HTTP/1.1 GET /
INFO	2024/06/06 06:49:17 [::1]:59488 - HTTP/1.1 GET /
INFO	2024/06/06 06:49:20 [::1]:59488 - HTTP/1.1 POST /deleteTask?id=20
INFO	2024/06/06 06:49:20 [::1]:59488 - HTTP/1.1 GET /
INFO	2024/06/06 07:05:29 
INFO	2024/06/06 07:05:29 starting server on :4000
INFO	2024/06/06 07:05:44 [::1]:59611 - HTTP/1.1 GET /
INFO	2024/06/06 07:05:46 [::1]:59611 - HTTP/1.1 POST /deleteTask?id=18
INFO	2024/06/06 07:05:47 [::1]:59611 - HTTP/1.1 GET /
INFO	2024/06/06 07:05:53 [::1]:59611 - HTTP/1.1 POST /addTask
INFO	2024/06/06 07:05:53 [::1]:59611 - HTTP/1.1 GET /
INFO	2024/06/06 07:05:59 [::1]:59611 - HTTP/1.1 POST /updateTask?id=25
INFO	2024/06/06 07:05:59 [::1]:59611 - HTTP/1.1 GET /
INFO	2024/06/06 07:06:04 [::1]:59611 - HTTP/1.1 POST /updateTask?id=25
INFO	2024/06/06 07:06:04 [::1]:59611 - HTTP/1.1 GET /
INFO	2024/06/06 07:06:08 [::1]:59611 - HTTP/1.1 POST /updateTask?id=25
INFO	2024/06/06 07:06:08 [::1]:59611 - HTTP/1.1 GET /
INFO	2024/06/06 07:12:33 
INFO	2024/06/06 07:12:33 starting server on :4000
INFO	2024/06/06 07:12:45 [::1]:59648 - HTTP/1.1 POST /deleteTask?id=25
INFO	2024/06/06 07:12:45 [::1]:59648 - HTTP/1.1 GET /
INFO	2024/06/06 07:12:50 [::1]:59648 - HTTP/1.1 POST /updateTask?id=14
INFO	2024/06/06 07:12:50 [::1]:59648 - HTTP/1.1 GET /
INFO	2024/06/06 07:13:40 
INFO	2024/06/06 07:13:40 starting server on :4000
INFO	2024/06/06 07:13:41 [::1]:59657 - HTTP/1.1 POST /updateTask?id=14
INFO	2024/06/06 07:13:41 [::1]:59657 - HTTP/1.1 GET /
INFO	2024/06/06 07:13:52 [::1]:59657 - HTTP/1.1 POST /updateTask?id=14
INFO	2024/06/06 07:13:52 [::1]:59657 - HTTP/1.1 GET /
INFO	2024/06/06 09:48:04 
INFO	2024/06/06 09:48:04 starting server on :4000
INFO	2024/06/06 09:48:16 [::1]:60260 - HTTP/1.1 POST /deleteTask?id=14
INFO	2024/06/06 09:48:16 [::1]:60260 - HTTP/1.1 GET /
INFO	2024/06/06 09:48:22 [::1]:60260 - HTTP/1.1 GET /
INFO	2024/06/06 09:48:28 [::1]:60260 - HTTP/1.1 GET /
INFO	2024/06/06 09:48:30 [::1]:60260 - HTTP/1.1 GET /
INFO	2024/06/06 09:48:31 [::1]:60260 - HTTP/1.1 GET /
INFO	2024/06/06 09:48:36 [::1]:60260 - HTTP/1.1 GET /
INFO	2024/06/06 09:50:53 [::1]:60260 - HTTP/1.1 GET /
INFO	2024/06/06 09:50:54 [::1]:60260 - HTTP/1.1 GET /
INFO	2024/06/06 09:55:58 [::1]:60310 - HTTP/1.1 GET /
INFO	2024/06/06 09:56:16 
INFO	2024/06/06 09:56:16 starting server on :4000
INFO	2024/06/06 09:56:26 [::1]:60317 - HTTP/1.1 GET /
INFO	2024/06/06 09:56:28 [::1]:60317 - HTTP/1.1 GET /
INFO	2024/06/06 09:56:28 [::1]:60317 - HTTP/1.1 GET /
INFO	2024/06/06 09:56:28 [::1]:60317 - HTTP/1.1 GET /
INFO	2024/06/06 09:57:01 
INFO	2024/06/06 09:57:01 starting server on :4000
INFO	2024/06/06 09:59:48 
INFO	2024/06/06 09:59:48 starting server on :4000
INFO	2024/06/06 09:59:57 [::1]:60337 - HTTP/1.1 GET /
INFO	2024/06/06 10:01:34 
INFO	2024/06/06 10:01:34 starting server on :4000
INFO	2024/06/06 10:01:43 [::1]:60345 - HTTP/1.1 GET /
INFO	2024/06/06 10:07:03 
INFO	2024/06/06 10:07:03 starting server on :4000
INFO	2024/06/06 10:07:16 [::1]:60375 - HTTP/1.1 GET /
INFO	2024/06/06 10:07:23 [::1]:60375 - HTTP/1.1 POST /addTask
INFO	2024/06/06 10:26:47 
INFO	2024/06/06 10:26:47 starting server on :4000
INFO	2024/06/06 10:26:54 [::1]:60450 - HTTP/1.1 GET /
INFO	2024/06/06 10:26:55 [::1]:60450 - HTTP/1.1 GET /
INFO	2024/06/06 10:27:04 [::1]:60450 - HTTP/1.1 POST /addTask
INFO	2024/06/06 10:27:04 [::1]:60450 - HTTP/1.1 GET /
INFO	2024/06/06 10:29:30 [::1]:60450 - HTTP/1.1 GET /
INFO	2024/06/06 10:29:43 [::1]:60450 - HTTP/1.1 POST /addTask
INFO	2024/06/06 10:29:43 [::1]:60450 - HTTP/1.1 GET /
INFO	2024/06/06 10:31:27 
INFO	2024/06/06 10:31:27 starting server on :4000
INFO	2024/06/06 10:31:31 [::1]:60502 - HTTP/1.1 GET /
INFO	2024/06/06 10:31:41 [::1]:60502 - HTTP/1.1 POST /addTask
INFO	2024/06/06 10:31:41 [::1]:60502 - HTTP/1.1 GET /
INFO	2024/06/06 10:32:03 [::1]:60502 - HTTP/1.1 POST /addTask
INFO	2024/06/06 10:32:03 [::1]:60502 - HTTP/1.1 GET /
INFO	2024/06/06 10:33:57 
INFO	2024/06/06 10:33:57 starting server on :4000
INFO	2024/06/06 10:34:07 [::1]:60515 - HTTP/1.1 GET /
INFO	2024/06/06 10:34:14 [::1]:60515 - HTTP/1.1 POST /addTask
INFO	2024/06/06 10:34:14 [::1]:60515 - HTTP/1.1 GET /
INFO	2024/06/06 10:36:00 
INFO	2024/06/06 10:36:00 starting server on :4000
INFO	2024/06/06 10:36:09 [::1]:60527 - HTTP/1.1 GET /
INFO	2024/06/06 10:36:14 [::1]:60527 - HTTP/1.1 POST /addTask
INFO	2024/06/06 10:36:14 [::1]:60527 - HTTP/1.1 GET /
INFO	2024/06/06 10:37:02 
INFO	2024/06/06 10:37:02 starting server on :4000
INFO	2024/06/06 10:37:12 [::1]:60538 - HTTP/1.1 GET /
INFO	2024/06/06 10:37:17 [::1]:60538 - HTTP/1.1 POST /addTask
INFO	2024/06/06 10:37:17 [::1]:60538 - HTTP/1.1 GET /
INFO	2024/06/06 10:40:57 
INFO	2024/06/06 10:40:57 starting server on :4000
INFO	2024/06/06 10:41:04 [::1]:60554 - HTTP/1.1 GET /
INFO	2024/06/06 10:41:05 [::1]:60554 - HTTP/1.1 GET /
INFO	2024/06/06 10:41:05 [::1]:60554 - HTTP/1.1 GET /
INFO	2024/06/06 10:41:06 [::1]:60554 - HTTP/1.1 GET /
INFO	2024/06/06 10:41:06 [::1]:60554 - HTTP/1.1 GET /
INFO	2024/06/06 10:41:10 [::1]:60554 - HTTP/1.1 POST /addTask
INFO	2024/06/06 10:41:10 [::1]:60554 - HTTP/1.1 GET /
INFO	2024/06/06 10:48:44 [::1]:61314 - HTTP/1.1 POST /updateTask?id=33
INFO	2024/06/06 10:48:44 [::1]:61314 - HTTP/1.1 GET /
INFO	2024/06/06 10:48:50 [::1]:61314 - HTTP/1.1 POST /addTask
INFO	2024/06/06 10:50:47 
INFO	2024/06/06 10:50:47 starting server on :4000
INFO	2024/06/06 10:50:59 [::1]:61335 - HTTP/1.1 POST /updateTask?id=33
INFO	2024/06/06 10:50:59 [::1]:61335 - HTTP/1.1 GET /
INFO	2024/06/06 10:52:28 
INFO	2024/06/06 10:52:28 starting server on :4000
INFO	2024/06/06 10:52:29 [::1]:61371 - HTTP/1.1 POST /deleteTask?id=33
INFO	2024/06/06 10:52:29 [::1]:61371 - HTTP/1.1 GET /
INFO	2024/06/06 10:52:35 [::1]:61371 - HTTP/1.1 POST /deleteTask?id=32
INFO	2024/06/06 10:52:35 [::1]:61371 - HTTP/1.1 GET /
INFO	2024/06/06 10:52:43 [::1]:61371 - HTTP/1.1 POST /addTask
INFO	2024/06/06 10:52:43 [::1]:61371 - HTTP/1.1 GET /
INFO	2024/06/06 10:59:46 [::1]:62144 - HTTP/1.1 GET /
INFO	2024/06/06 10:59:46 [::1]:62144 - HTTP/1.1 GET /static/css/main.css
INFO	2024/06/06 10:59:46 [::1]:62144 - HTTP/1.1 GET /static/img/favicon.ico
INFO	2024/06/06 11:10:51 
INFO	2024/06/06 11:10:51 starting server on :4000
INFO	2024/06/06 11:11:04 [::1]:62305 - HTTP/1.1 GET /
INFO	2024/06/06 11:11:10 [::1]:62305 - HTTP/1.1 POST /updateTask?id=34
INFO	2024/06/06 11:11:10 [::1]:62305 - HTTP/1.1 GET /
INFO	2024/06/06 11:11:13 [::1]:62305 - HTTP/1.1 POST /updateTask?id=34
INFO	2024/06/06 11:11:13 [::1]:62305 - HTTP/1.1 GET /
INFO	2024/06/06 11:12:10 [::1]:62305 - HTTP/1.1 POST /addTask
INFO	2024/06/06 11:12:10 [::1]:62305 - HTTP/1.1 GET /
INFO	2024/06/06 11:12:15 [::1]:62305 - HTTP/1.1 POST /addTask
INFO	2024/06/06 11:12:15 [::1]:62305 - HTTP/1.1 GET /
INFO	2024/06/06 11:13:35 [::1]:62305 - HTTP/1.1 POST /addTask
INFO	2024/06/06 11:13:35 [::1]:62305 - HTTP/1.1 GET /
INFO	2024/06/06 11:13:38 [::1]:62305 - HTTP/1.1 POST /addTask
INFO	2024/06/06 11:13:38 [::1]:62305 - HTTP/1.1 GET /
INFO	2024/06/06 11:14:09 [::1]:62305 - HTTP/1.1 POST /addTask
INFO	2024/06/06 11:14:09 [::1]:62305 - HTTP/1.1 GET /
INFO	2024/06/06 11:14:11 [::1]:62305 - HTTP/1.1 POST /addTask
INFO	2024/06/06 11:14:11 [::1]:62305 - HTTP/1.1 GET /
INFO	2024/06/06 11:14:16 [::1]:62305 - HTTP/1.1 GET /
INFO	2024/06/06 11:14:17 [::1]:62305 - HTTP/1.1 GET /
INFO	2024/06/06 11:14:20 [::1]:62305 - HTTP/1.1 POST /addTask
INFO	2024/06/06 11:14:20 [::1]:62305 - HTTP/1.1 GET /
INFO	2024/06/06 11:16:09 
INFO	2024/06/06 11:16:09 starting server on :4000
INFO	2024/06/06 11:16:09 [::1]:62350 - HTTP/1.1 GET /
INFO	2024/06/06 11:16:18 [::1]:62350 - HTTP/1.1 POST /addTask
INFO	2024/06/06 11:16:18 [::1]:62350 - HTTP/1.1 GET /
INFO	2024/06/06 11:16:27 [::1]:62350 - HTTP/1.1 POST /addTask
INFO	2024/06/06 11:16:27 [::1]:62350 - HTTP/1.1 GET /
INFO	2024/06/06 11:17:32 
INFO	2024/06/06 11:17:32 starting server on :4000
INFO	2024/06/06 11:17:42 [::1]:62378 - HTTP/1.1 GET /
INFO	2024/06/06 11:17:45 [::1]:62378 - HTTP/1.1 POST /deleteTask?id=41
INFO	2024/06/06 11:17:45 [::1]:62378 - HTTP/1.1 GET /
INFO	2024/06/06 11:17:47 [::1]:62378 - HTTP/1.1 POST /deleteTask?id=40
INFO	2024/06/06 11:17:47 [::1]:62378 - HTTP/1.1 GET /
INFO	2024/06/06 11:17:48 [::1]:62378 - HTTP/1.1 POST /deleteTask?id=39
INFO	2024/06/06 11:17:49 [::1]:62378 - HTTP/1.1 GET /
INFO	2024/06/06 11:17:49 [::1]:62378 - HTTP/1.1 POST /deleteTask?id=38
INFO	2024/06/06 11:17:50 [::1]:62378 - HTTP/1.1 GET /
INFO	2024/06/06 11:17:50 [::1]:62378 - HTTP/1.1 POST /deleteTask?id=37
INFO	2024/06/06 11:17:50 [::1]:62378 - HTTP/1.1 GET /
INFO	2024/06/06 11:17:52 [::1]:62378 - HTTP/1.1 POST /deleteTask?id=36
INFO	2024/06/06 11:17:52 [::1]:62378 - HTTP/1.1 GET /
INFO	2024/06/06 11:18:10 [::1]:62378 - HTTP/1.1 POST /updateTask?id=35
INFO	2024/06/06 11:18:10 [::1]:62378 - HTTP/1.1 GET /
INFO	2024/06/06 11:18:16 [::1]:62378 - HTTP/1.1 POST /addTask
INFO	2024/06/06 11:18:16 [::1]:62378 - HTTP/1.1 GET /
INFO	2024/06/06 11:18:21 [::1]:62378 - HTTP/1.1 POST /addTask
INFO	2024/06/06 11:18:21 [::1]:62378 - HTTP/1.1 GET /
INFO	2024/06/06 11:32:37 
INFO	2024/06/06 11:32:37 starting server on :4000
INFO	2024/06/06 11:32:48 [::1]:62497 - HTTP/1.1 GET /
INFO	2024/06/06 11:32:51 [::1]:62497 - HTTP/1.1 POST /deleteTask?id=35
INFO	2024/06/06 11:32:52 [::1]:62497 - HTTP/1.1 GET /
INFO	2024/06/06 11:32:57 [::1]:62497 - HTTP/1.1 POST /addTask
INFO	2024/06/06 11:32:57 [::1]:62497 - HTTP/1.1 GET /
INFO	2024/06/06 11:33:03 [::1]:62497 - HTTP/1.1 POST /addTask
INFO	2024/06/06 11:33:03 [::1]:62497 - HTTP/1.1 GET /
INFO	2024/06/06 11:33:10 [::1]:62497 - HTTP/1.1 POST /addTask
INFO	2024/06/06 11:33:10 [::1]:62497 - HTTP/1.1 GET /
INFO	2024/06/06 11:33:22 [::1]:62497 - HTTP/1.1 POST /updateTask?id=34
INFO	2024/06/06 11:33:22 [::1]:62497 - HTTP/1.1 GET /
INFO	2024/06/06 11:33:29 [::1]:62497 - HTTP/1.1 POST /updateTask?id=34
INFO	2024/06/06 11:33:29 [::1]:62497 - HTTP/1.1 GET /
INFO	2024/06/06 11:33:38 [::1]:62497 - HTTP/1.1 POST /updateTask?id=34
INFO	2024/06/06 11:33:38 [::1]:62497 - HTTP/1.1 GET /
INFO	2024/06/06 11:34:49 [::1]:62497 - HTTP/1.1 POST /addTask
INFO	2024/06/06 11:34:49 [::1]:62497 - HTTP/1.1 GET /
INFO	2024/06/06 11:34:59 [::1]:62497 - HTTP/1.1 POST /addTask
INFO	2024/06/06 11:34:59 [::1]:62497 - HTTP/1.1 GET /
INFO	2024/06/06 11:56:10 
INFO	2024/06/06 11:56:10 starting server on :4000
INFO	2024/06/06 11:56:39 [::1]:62704 - HTTP/1.1 POST /addTask
INFO	2024/06/06 11:56:39 [::1]:62704 - HTTP/1.1 GET /
INFO	2024/06/06 11:56:41 [::1]:62704 - HTTP/1.1 POST /addTask
INFO	2024/06/06 11:56:41 [::1]:62704 - HTTP/1.1 GET /
INFO	2024/06/06 11:56:41 [::1]:62704 - HTTP/1.1 POST /addTask
INFO	2024/06/06 11:56:41 [::1]:62704 - HTTP/1.1 GET /
INFO	2024/06/06 11:57:47 [::1]:62704 - HTTP/1.1 POST /addTask
INFO	2024/06/06 11:57:47 [::1]:62704 - HTTP/1.1 GET /
INFO	2024/06/06 11:58:33 
INFO	2024/06/06 11:58:33 starting server on :4000
INFO	2024/06/06 11:58:41 [::1]:62736 - HTTP/1.1 POST /addTask
INFO	2024/06/06 11:58:41 [::1]:62736 - HTTP/1.1 GET /
INFO	2024/06/06 11:58:45 [::1]:62736 - HTTP/1.1 POST /addTask
INFO	2024/06/06 11:58:45 [::1]:62736 - HTTP/1.1 GET /
INFO	2024/06/06 11:58:46 [::1]:62736 - HTTP/1.1 POST /addTask
INFO	2024/06/06 11:58:46 [::1]:62736 - HTTP/1.1 GET /
INFO	2024/06/06 11:58:50 [::1]:62736 - HTTP/1.1 POST /addTask
INFO	2024/06/06 11:58:50 [::1]:62736 - HTTP/1.1 GET /
INFO	2024/06/06 11:58:58 [::1]:62736 - HTTP/1.1 POST /addTask
INFO	2024/06/06 11:58:58 [::1]:62736 - HTTP/1.1 GET /
INFO	2024/06/06 12:05:11 
INFO	2024/06/06 12:05:11 starting server on :4000
INFO	2024/06/06 12:05:23 [::1]:62846 - HTTP/1.1 GET /
INFO	2024/06/06 12:05:26 [::1]:62846 - HTTP/1.1 POST /deleteTask?id=42
INFO	2024/06/06 12:05:26 [::1]:62846 - HTTP/1.1 GET /
INFO	2024/06/06 12:05:34 [::1]:62846 - HTTP/1.1 POST /addTask
INFO	2024/06/06 12:05:34 [::1]:62846 - HTTP/1.1 GET /
INFO	2024/06/06 12:05:43 [::1]:62846 - HTTP/1.1 POST /updateTask?id=34
INFO	2024/06/06 12:05:43 [::1]:62846 - HTTP/1.1 GET /
INFO	2024/06/06 12:06:31 
INFO	2024/06/06 12:06:31 starting server on :4000
INFO	2024/06/06 12:06:38 [::1]:62858 - HTTP/1.1 GET /
INFO	2024/06/06 12:06:40 [::1]:62858 - HTTP/1.1 POST /deleteTask?id=34
INFO	2024/06/06 12:06:40 [::1]:62858 - HTTP/1.1 GET /
INFO	2024/06/06 12:06:45 [::1]:62858 - HTTP/1.1 POST /updateTask?id=31
INFO	2024/06/06 12:06:45 [::1]:62858 - HTTP/1.1 GET /
INFO	2024/06/06 12:06:48 [::1]:62858 - HTTP/1.1 POST /addTask
INFO	2024/06/06 12:06:48 [::1]:62858 - HTTP/1.1 GET /
INFO	2024/06/06 12:06:51 [::1]:62858 - HTTP/1.1 POST /addTask
INFO	2024/06/06 12:06:51 [::1]:62858 - HTTP/1.1 GET /
INFO	2024/06/06 12:06:54 [::1]:62858 - HTTP/1.1 POST /addTask
INFO	2024/06/06 12:06:54 [::1]:62858 - HTTP/1.1 GET /
INFO	2024/06/06 12:07:01 [::1]:62858 - HTTP/1.1 POST /updateTask?id=31
INFO	2024/06/06 12:07:01 [::1]:62858 - HTTP/1.1 GET /
INFO	2024/06/06 12:53:02 
INFO	2024/06/06 12:53:02 starting server on :4000
INFO	2024/06/06 12:53:17 [::1]:63110 - HTTP/1.1 GET /
INFO	2024/06/06 12:54:28 [::1]:63110 - HTTP/1.1 GET /addTask
INFO	2024/06/06 12:54:28 [::1]:63110 - HTTP/1.1 GET /favicon.ico
INFO	2024/06/06 12:54:37 [::1]:63110 - HTTP/1.1 GET /addTask
INFO	2024/06/06 12:54:47 [::1]:63110 - HTTP/1.1 GET /
INFO	2024/06/06 12:54:49 [::1]:63110 - HTTP/1.1 GET /user/signup
INFO	2024/06/06 12:54:52 [::1]:63110 - HTTP/1.1 GET /user/signup
INFO	2024/06/06 12:54:54 [::1]:63110 - HTTP/1.1 GET /user/login
INFO	2024/06/06 12:55:04 [::1]:63110 - HTTP/1.1 GET /
INFO	2024/06/06 12:55:06 [::1]:63110 - HTTP/1.1 GET /addTask
INFO	2024/06/06 12:55:09 [::1]:63110 - HTTP/1.1 GET /user/signup
INFO	2024/06/06 12:55:12 [::1]:63110 - HTTP/1.1 GET /
INFO	2024/06/06 12:55:14 [::1]:63110 - HTTP/1.1 GET /
INFO	2024/06/06 12:55:15 [::1]:63110 - HTTP/1.1 GET /addTask
INFO	2024/06/06 12:57:54 
INFO	2024/06/06 12:57:54 starting server on :4000
INFO	2024/06/06 12:58:03 [::1]:63168 - HTTP/1.1 GET /
INFO	2024/06/06 12:58:12 [::1]:63168 - HTTP/1.1 GET /
INFO	2024/06/06 12:58:18 [::1]:63168 - HTTP/1.1 GET /
INFO	2024/06/06 12:58:19 [::1]:63168 - HTTP/1.1 GET /
INFO	2024/06/06 12:58:27 [::1]:63168 - HTTP/1.1 GET /
INFO	2024/06/06 12:58:27 [::1]:63168 - HTTP/1.1 GET /static/css/main.css
INFO	2024/06/06 12:58:27 [::1]:63168 - HTTP/1.1 GET /static/img/favicon.ico
INFO	2024/06/06 12:59:29 
INFO	2024/06/06 12:59:29 starting server on :4000
INFO	2024/06/06 12:59:33 [::1]:63181 - HTTP/1.1 GET /
INFO	2024/06/06 12:59:33 [::1]:63181 - HTTP/1.1 GET /static/css/main.css
INFO	2024/06/06 13:42:23 
INFO	2024/06/06 13:42:23 starting server on :4000
INFO	2024/06/06 13:42:33 [::1]:63396 - HTTP/1.1 GET /
INFO	2024/06/06 13:42:33 [::1]:63396 - HTTP/1.1 GET /static/css/main.css
INFO	2024/06/06 13:46:58 
INFO	2024/06/06 13:46:58 starting server on :4000
INFO	2024/06/06 13:47:08 [::1]:63439 - HTTP/1.1 GET /
INFO	2024/06/06 13:47:08 [::1]:63439 - HTTP/1.1 GET /static/css/main.css
INFO	2024/06/06 13:47:15 [::1]:63439 - HTTP/1.1 GET /
INFO	2024/06/06 13:47:15 [::1]:63439 - HTTP/1.1 GET /static/css/main.css
INFO	2024/06/06 13:47:25 [::1]:63439 - HTTP/1.1 POST /deleteTask?id=31
INFO	2024/06/06 13:47:25 [::1]:63439 - HTTP/1.1 GET /
INFO	2024/06/06 13:47:25 [::1]:63439 - HTTP/1.1 GET /static/css/main.css
INFO	2024/06/06 13:47:35 [::1]:63439 - HTTP/1.1 POST /addTask
INFO	2024/06/06 13:47:35 [::1]:63439 - HTTP/1.1 GET /
INFO	2024/06/06 13:47:35 [::1]:63439 - HTTP/1.1 GET /static/css/main.css
INFO	2024/06/06 13:47:39 [::1]:63439 - HTTP/1.1 POST /addTask
INFO	2024/06/06 13:47:39 [::1]:63439 - HTTP/1.1 GET /
INFO	2024/06/06 13:54:20 
INFO	2024/06/06 13:54:20 starting server on :4000
INFO	2024/06/06 13:54:27 [::1]:63496 - HTTP/1.1 GET /
INFO	2024/06/06 13:54:27 [::1]:63496 - HTTP/1.1 GET /static/css/main.css
INFO	2024/06/06 13:54:29 [::1]:63496 - HTTP/1.1 GET /
INFO	2024/06/06 13:54:29 [::1]:63496 - HTTP/1.1 GET /static/css/main.css
INFO	2024/06/06 13:54:32 [::1]:63496 - HTTP/1.1 POST /deleteTask?id=30
INFO	2024/06/06 13:54:32 [::1]:63496 - HTTP/1.1 GET /
INFO	2024/06/06 13:54:32 [::1]:63496 - HTTP/1.1 GET /static/css/main.css
INFO	2024/06/06 13:54:45 [::1]:63496 - HTTP/1.1 GET /
INFO	2024/06/06 13:54:45 [::1]:63496 - HTTP/1.1 GET /static/css/main.css
INFO	2024/06/06 13:54:47 [::1]:63496 - HTTP/1.1 GET /addTask
INFO	2024/06/06 13:54:47 [::1]:63496 - HTTP/1.1 GET /favicon.ico
INFO	2024/06/06 13:54:51 [::1]:63496 - HTTP/1.1 GET /user/signup
INFO	2024/06/06 13:54:55 [::1]:63496 - HTTP/1.1 GET /user/login
INFO	2024/06/06 13:54:58 [::1]:63496 - HTTP/1.1 POST /user/logout
INFO	2024/06/06 13:55:58 
INFO	2024/06/06 13:55:58 starting server on :4000
INFO	2024/06/06 13:56:09 [::1]:63509 - HTTP/1.1 GET /
INFO	2024/06/06 13:56:09 [::1]:63509 - HTTP/1.1 GET /static/css/main.css
INFO	2024/06/06 13:56:25 [::1]:63509 - HTTP/1.1 POST /deleteTask?id=29
INFO	2024/06/06 13:56:25 [::1]:63509 - HTTP/1.1 GET /
INFO	2024/06/06 13:56:25 [::1]:63509 - HTTP/1.1 GET /static/css/main.css
INFO	2024/06/06 13:56:34 [::1]:63509 - HTTP/1.1 POST /user/logout
INFO	2024/06/06 14:32:44 [::1]:63680 - HTTP/1.1 GET /
INFO	2024/06/06 14:32:44 [::1]:63680 - HTTP/1.1 GET /static/css/main.css
INFO	2024/06/06 14:32:46 [::1]:63680 - HTTP/1.1 GET /
INFO	2024/06/06 14:58:31 
INFO	2024/06/06 14:58:31 starting server on :4000
INFO	2024/06/06 14:58:42 [::1]:63828 - HTTP/1.1 GET /
INFO	2024/06/06 14:58:42 [::1]:63828 - HTTP/1.1 GET /static/css/main.css
INFO	2024/06/06 14:58:47 [::1]:63828 - HTTP/1.1 GET /
INFO	2024/06/06 14:58:50 [::1]:63828 - HTTP/1.1 POST /deleteTask?id=28
INFO	2024/06/06 14:58:50 [::1]:63828 - HTTP/1.1 GET /
INFO	2024/06/06 14:58:54 [::1]:63828 - HTTP/1.1 GET /user/signup
INFO	2024/06/06 14:58:58 [::1]:63828 - HTTP/1.1 GET /user/login
INFO	2024/06/06 15:37:35 
INFO	2024/06/06 15:37:35 starting server on :4000
INFO	2024/06/06 15:37:50 [::1]:64049 - HTTP/1.1 GET /
INFO	2024/06/06 15:37:50 [::1]:64049 - HTTP/1.1 GET /static/css/main.css
INFO	2024/06/06 15:37:53 [::1]:64049 - HTTP/1.1 POST /deleteTask?id=27
INFO	2024/06/06 15:37:53 [::1]:64049 - HTTP/1.1 GET /
INFO	2024/06/06 15:37:58 [::1]:64049 - HTTP/1.1 GET /user/signup
INFO	2024/06/06 15:38:08 [::1]:64049 - HTTP/1.1 GET /user/login
INFO	2024/06/06 15:38:43 [::1]:64049 - HTTP/1.1 GET /user/signup
INFO	2024/06/06 15:39:21 [::1]:64049 - HTTP/1.1 GET /user/signup
INFO	2024/06/06 15:40:30 [::1]:64049 - HTTP/1.1 GET /user/signup
INFO	2024/06/06 15:40:37 [::1]:64049 - HTTP/1.1 POST /user/logout
INFO	2024/06/06 15:40:45 [::1]:64049 - HTTP/1.1 GET /
INFO	2024/06/06 15:43:17 
INFO	2024/06/06 15:43:17 starting server on :4000
INFO	2024/06/06 15:43:31 [::1]:64077 - HTTP/1.1 GET /user/signup
INFO	2024/06/06 15:43:33 [::1]:64077 - HTTP/1.1 GET /user/signup
INFO	2024/06/06 15:43:34 [::1]:64077 - HTTP/1.1 GET /user/signup
INFO	2024/06/06 15:43:41 [::1]:64077 - HTTP/1.1 GET /user/signup
INFO	2024/06/06 15:43:44 [::1]:64077 - HTTP/1.1 GET /user/signup
INFO	2024/06/06 15:44:19 [::1]:64077 - HTTP/1.1 GET /user/signup
INFO	2024/06/06 15:44:22 [::1]:64077 - HTTP/1.1 GET /user/signup
INFO	2024/06/06 15:44:22 [::1]:64077 - HTTP/1.1 GET /user/signup
INFO	2024/06/06 15:44:56 [::1]:64077 - HTTP/1.1 GET /
INFO	2024/06/06 15:44:58 [::1]:64077 - HTTP/1.1 GET /
INFO	2024/06/06 15:45:00 [::1]:64077 - HTTP/1.1 GET /user/signup
INFO	2024/06/06 15:45:02 [::1]:64077 - HTTP/1.1 GET /user/signup
INFO	2024/06/06 15:46:41 
INFO	2024/06/06 15:46:41 starting server on :4000
INFO	2024/06/06 15:46:51 [::1]:64090 - HTTP/1.1 GET /
INFO	2024/06/06 15:46:53 [::1]:64090 - HTTP/1.1 GET /
INFO	2024/06/06 15:46:55 [::1]:64090 - HTTP/1.1 GET /
INFO	2024/06/06 15:47:00 [::1]:64090 - HTTP/1.1 GET /user/signup
INFO	2024/06/06 15:48:23 
INFO	2024/06/06 15:48:23 starting server on :4000
INFO	2024/06/06 15:48:36 [::1]:64106 - HTTP/1.1 GET /user/signup
INFO	2024/06/06 15:48:37 [::1]:64106 - HTTP/1.1 GET /user/signup
INFO	2024/06/06 15:50:16 [::1]:64106 - HTTP/1.1 GET /user/signup
INFO	2024/06/06 15:51:15 
INFO	2024/06/06 15:51:15 starting server on :4000
INFO	2024/06/06 15:51:27 [::1]:64118 - HTTP/1.1 GET /snippet?id=100
INFO	2024/06/06 15:51:31 [::1]:64118 - HTTP/1.1 GET /
INFO	2024/06/06 15:51:31 [::1]:64118 - HTTP/1.1 GET /static/css/main.css
INFO	2024/06/06 15:51:33 [::1]:64118 - HTTP/1.1 GET /user/signup
INFO	2024/06/06 15:51:41 [::1]:64118 - HTTP/1.1 GET /user/signup
INFO	2024/06/06 15:51:43 [::1]:64118 - HTTP/1.1 GET /user/signup
INFO	2024/06/06 15:52:43 [::1]:64118 - HTTP/1.1 GET /user/signup
INFO	2024/06/06 15:52:43 [::1]:64118 - HTTP/1.1 GET /static/css/main.css
INFO	2024/06/06 15:52:43 [::1]:64118 - HTTP/1.1 GET /static/img/favicon.ico
INFO	2024/06/06 15:52:48 [::1]:64118 - HTTP/1.1 GET /user/signup
INFO	2024/06/06 15:52:49 [::1]:64118 - HTTP/1.1 GET /user/signup
INFO	2024/06/06 15:52:49 [::1]:64118 - HTTP/1.1 GET /user/signup
INFO	2024/06/06 15:52:49 [::1]:64118 - HTTP/1.1 GET /user/signup
INFO	2024/06/06 15:53:49 
INFO	2024/06/06 15:53:49 starting server on :4000
INFO	2024/06/06 15:53:57 [::1]:64134 - HTTP/1.1 GET /
INFO	2024/06/06 15:54:00 [::1]:64134 - HTTP/1.1 GET /user/signup
INFO	2024/06/06 15:54:53 
INFO	2024/06/06 15:54:53 starting server on :4000
INFO	2024/06/06 15:55:05 [::1]:64143 - HTTP/1.1 GET /user/signup
INFO	2024/06/06 15:56:14 [::1]:64143 - HTTP/1.1 GET /user/signup
INFO	2024/06/06 15:56:57 [::1]:64143 - HTTP/1.1 GET /user/signup
INFO	2024/06/06 15:56:59 [::1]:64143 - HTTP/1.1 POST /user/signup
INFO	2024/06/06 15:56:59 [::1]:64143 - HTTP/1.1 GET /favicon.ico
INFO	2024/06/06 15:57:05 [::1]:64143 - HTTP/1.1 GET /user/signup
INFO	2024/06/06 16:08:34 [::1]:64274 - HTTP/1.1 POST /user/signup
INFO	2024/06/06 16:08:36 [::1]:64274 - HTTP/1.1 GET /user/signup
INFO	2024/06/06 16:13:40 [::1]:64305 - HTTP/1.1 GET /user/signup
INFO	2024/06/06 16:13:40 [::1]:64305 - HTTP/1.1 GET /static/css/main.css
INFO	2024/06/06 16:47:55 
INFO	2024/06/06 16:47:55 starting server on :4000
INFO	2024/06/06 16:48:16 [::1]:64444 - HTTP/1.1 POST /user/signup
INFO	2024/06/06 16:48:16 [::1]:64444 - HTTP/1.1 GET /
INFO	2024/06/06 16:48:16 [::1]:64444 - HTTP/1.1 GET /static/css/main.css
INFO	2024/06/06 17:03:30 [::1]:64532 - HTTP/1.1 GET /
INFO	2024/06/06 17:03:36 [::1]:64532 - HTTP/1.1 GET /user/signup
INFO	2024/06/06 17:03:51 [::1]:64532 - HTTP/1.1 POST /user/signup
INFO	2024/06/06 17:03:51 [::1]:64532 - HTTP/1.1 GET /
INFO	2024/06/06 17:04:34 [::1]:64532 - HTTP/1.1 GET /user/signup
INFO	2024/06/06 17:05:02 [::1]:64532 - HTTP/1.1 POST /user/signup
INFO	2024/06/06 17:05:02 [::1]:64532 - HTTP/1.1 GET /
INFO	2024/06/06 17:40:47 
INFO	2024/06/06 17:40:47 starting server on :4000
INFO	2024/06/06 17:40:56 [::1]:64701 - HTTP/1.1 GET /user/login
INFO	2024/06/06 17:40:56 [::1]:64701 - HTTP/1.1 GET /static/css/main.css
INFO	2024/06/06 17:41:06 [::1]:64701 - HTTP/1.1 GET /user/login
INFO	2024/06/06 17:41:46 [::1]:64701 - HTTP/1.1 GET /user/login
INFO	2024/06/06 17:42:35 
INFO	2024/06/06 17:42:35 starting server on :4000
INFO	2024/06/06 17:42:43 [::1]:64713 - HTTP/1.1 GET /user/login
INFO	2024/06/06 17:42:45 [::1]:64713 - HTTP/1.1 GET /user/signup
INFO	2024/06/06 17:42:46 [::1]:64713 - HTTP/1.1 GET /user/login
INFO	2024/06/06 17:42:47 [::1]:64713 - HTTP/1.1 GET /user/login
INFO	2024/06/06 17:43:08 
INFO	2024/06/06 17:43:08 starting server on :4000
INFO	2024/06/06 18:04:14 
INFO	2024/06/06 18:04:14 starting server on :4000
INFO	2024/06/06 18:04:33 [::1]:64793 - HTTP/1.1 GET /
INFO	2024/06/06 18:04:33 [::1]:64793 - HTTP/1.1 GET /static/css/main.css
INFO	2024/06/06 18:04:36 [::1]:64793 - HTTP/1.1 GET /user/login
INFO	2024/06/06 18:04:53 [::1]:64793 - HTTP/1.1 POST /user/login
INFO	2024/06/06 18:04:53 [::1]:64793 - HTTP/1.1 GET /
INFO	2024/06/06 18:23:09 [::1]:64896 - HTTP/1.1 GET /user/signup
INFO	2024/06/06 18:23:11 [::1]:64896 - HTTP/1.1 GET /user/login
INFO	2024/06/06 18:26:52 [::1]:64896 - HTTP/1.1 POST /user/login
INFO	2024/06/06 18:26:52 [::1]:64896 - HTTP/1.1 GET /user/login
INFO	2024/06/06 18:26:55 [::1]:64896 - HTTP/1.1 POST /user/login
INFO	2024/06/06 18:26:55 [::1]:64896 - HTTP/1.1 GET /user/login
INFO	2024/06/06 18:27:05 [::1]:64896 - HTTP/1.1 GET /user/login
INFO	2024/06/06 18:30:02 
INFO	2024/06/06 18:30:02 starting server on :4000
INFO	2024/06/06 18:30:20 [::1]:64923 - HTTP/1.1 POST /user/login
INFO	2024/06/06 18:30:21 [::1]:64923 - HTTP/1.1 GET /user/login
INFO	2024/06/06 18:30:21 [::1]:64923 - HTTP/1.1 GET /static/css/main.css
